[Fri Dec 19 15:47:29 CET 2008] Ambiente inizializzato
[Fri Dec 19 15:47:29 CET 2008] Connessione in corso...
[Fri Dec 19 15:47:29 CET 2008] Connessione al server riuscita
[Fri Dec 19 15:47:29 CET 2008] Verifica delle credenziali di accesso...
[Fri Dec 19 15:47:29 CET 2008] Utente/Password verificati!
[Fri Dec 19 15:47:30 CET 2008] Impostazione ambiente
[Fri Dec 19 15:47:30 CET 2008] Ambiente impostato
[Fri Dec 19 16:02:41 CET 2008] Ambiente inizializzato
[Fri Dec 19 16:03:08 CET 2008] Ambiente inizializzato
[Fri Dec 19 16:03:08 CET 2008] Connessione in corso...
[Fri Dec 19 16:03:08 CET 2008] Connessione al server riuscita
[Fri Dec 19 16:03:08 CET 2008] Verifica delle credenziali di accesso...
[Fri Dec 19 16:03:09 CET 2008] Utente/Password verificati!
[Fri Dec 19 16:03:09 CET 2008] Impostazione ambiente
[Fri Dec 19 16:03:09 CET 2008] Ambiente impostato
[Sat Dec 20 00:48:04 CET 2008] Ambiente inizializzato
[Sat Dec 20 00:48:04 CET 2008] Connessione in corso...
[Sat Dec 20 00:48:04 CET 2008] Connessione al server fallita Driver DB non disponibile
[Sat Dec 20 12:32:11 CET 2008] Ambiente inizializzato
[Sat Dec 20 12:32:11 CET 2008] Connessione in corso...
[Sat Dec 20 12:32:11 CET 2008] Connessione al server fallita Driver DB non disponibile
